<?xml version="1.0" encoding="UTF-8"?>
<!-- Generated by org.testng.reporters.JUnitReportReporter -->
<testsuite hostname="users-MacBook-Pro.local" failures="0" tests="1" name="hrmprojects.UserRoleTestCase" time="9.305" errors="0" timestamp="2022-03-16T18:32:11 PDT" skipped="0">
  <testcase classname="hrmprojects.UserRoleTestCase" name="verifyValues" time="9.305"/>
  <system-out/>
</testsuite> <!-- hrmprojects.UserRoleTestCase -->
